Arguments: 
  C:\Program Files\nodejs\node.exe C:\Users\Yoon\AppData\Roaming\npm\node_modules\yarn\bin\yarn.js add concurrently

PATH: 
  C:\Program Files\NVIDIA GPU Computing Toolkit\CUDA\v11.2\bin;C:\Program Files\NVIDIA GPU Computing Toolkit\CUDA\v11.2\libnvvp;C:\Program Files\Java\jdk1.8.0_321\bin\;C:\Program Files\Python38\Scripts\;C:\Program Files\Python38\;C:\Python310\Scripts\;C:\Python310\;C:\Program Files\Common Files\Oracle\Java\javapath;C:\Windows\system32;C:\Windows;C:\Windows\System32\Wbem;C:\Windows\System32\WindowsPowerShell\v1.0\;C:\Windows\System32\OpenSSH\;C:\Program Files (x86)\NVIDIA Corporation\PhysX\Common;C:\Program Files\NVIDIA Corporation\NVIDIA NvDLISR;C:\WINDOWS\system32;C:\WINDOWS;C:\WINDOWS\System32\Wbem;C:\WINDOWS\System32\WindowsPowerShell\v1.0\;C:\WINDOWS\System32\OpenSSH\;C:\Program Files\ojdkbuild\java-1.8.0-openjdk-1.8.0.292-1\bin;C:\Program Files\ojdkbuild\java-1.8.0-openjdk-1.8.0.292-1\jre\bin;C:\Program Files\Zulu\zulu-17\\bin;C:\Program Files\Git\cmd;C:\Program Files\nodejs\;C:\ProgramData\chocolatey\bin;C:\Program Files\Docker\Docker\resources\bin;C:\ProgramData\DockerDesktop\version-bin;C:\Program Files\NVIDIA Corporation\Nsight Compute 2020.3.0\;C:\Users\Yoon\AppData\Roaming\npm\node_modules\yarn\bin;C:\Users\Yoon\AppData\Roaming\npm\yarn.ps1;C:\Program Files\MySQL\MySQL Shell 8.0\bin\;C:\Program Files\Bandizip\;C:\src\flutter\bin;C:\Users\Yoon\AppData\Local\Programs\Microsoft VS Code\bin;C:\Users\Yoon\AppData\Local\afreeca;C:\Users\Yoon\AppData\Local\GitHubDesktop\bin;C:\Program Files\JetBrains\IntelliJ IDEA 2021.2.2\bin;;C:\Users\Yoon\AppData\Roaming\npm;C:\Program Files\JetBrains\PyCharm Community Edition 2021.3.1\bin;

Yarn version: 
  1.22.17

Node version: 
  16.13.1

Platform: 
  win32 x64

Trace: 
  Error: getaddrinfo EAI_AGAIN registry.yarnpkg.com
      at GetAddrInfoReqWrap.onlookup [as oncomplete] (node:dns:71:26)

npm manifest: 
  {
    "name": "backend",
    "version": "1.0.0",
    "description": "",
    "main": "index.js",
    "scripts": {
      "start_server": "node ./bin/www.js",
      "test": "echo \"Error: no test specified\" && exit 1",
      "start_front" : "cd.. && cd frontend && npm start",
      "dev" : "concurrently --kill-others-on-fail \"yarn start_server\" \"yarn start_\""
    },
    "author": "",
    "license": "ISC",
    "dependencies": {
      "axios": "^0.26.0",
      "cors": "^2.8.5",
      "express": "^4.17.3",
      "mysql2": "^2.3.3",
      "nodemon": "^2.0.15"
    }
  }

yarn manifest: 
  No manifest

Lockfile: 
  No lockfile
